Tue Jun 26 23:14:55 BRT 2018 : Apache Derby Servidor de Rede - 10.10.2.0 - (1582446) iniciado e pronto para aceitar conexões na porta 1527 em {3}
----------------------------------------------------------------
Tue Jun 26 23:14:56 BRT 2018:
 Inicializando o Derby versão The Apache Software Foundation - Apache Derby - 10.10.2.0 - (1582446): instância a816c00e-0164-3f05-b412-000005ce678b
no diretório de banco de dados C:\Users\Felipe\Desktop\projetotattoo\tattoo\tattoo 

java.vendor=Oracle Corporation
java.runtime.version=1.8.0_131-b11
user.dir=C:\Program Files\glassfish-4.1.1\javadb
os.name=Windows 10
os.arch=amd64
os.version=10.0
derby.system.home=C:\Users\Felipe\Desktop\projetotattoo\tattoo
Carregador de classe do banco de dados iniciado - derby.database.classpath=''
----------------------------------------------------------------
Tue Jun 26 23:14:58 BRT 2018:
Encerrando a instância a816c00e-0164-3f05-b412-000005ce678b
Tue Jun 26 23:14:58 BRT 2018 Thread[DRDAConnThread_3,5,main] (DATABASE = tattoo), (DRDAID = {2}), Banco de dados 'tattoo' fechado.
----------------------------------------------------------------
Tue Jun 26 23:15:59 BRT 2018:
 Inicializando o Derby versão The Apache Software Foundation - Apache Derby - 10.10.2.0 - (1582446): instância 560740aa-0164-3f05-b412-000005ce678b
no diretório de banco de dados C:\Users\Felipe\Desktop\projetotattoo\tattoo\tattoo 

java.vendor=Oracle Corporation
java.runtime.version=1.8.0_131-b11
user.dir=C:\Program Files\glassfish-4.1.1\javadb
os.name=Windows 10
os.arch=amd64
os.version=10.0
derby.system.home=C:\Users\Felipe\Desktop\projetotattoo\tattoo
Carregador de classe do banco de dados iniciado - derby.database.classpath=''
